<?xml version="1.0" encoding="UTF-8"?>
<!-- Generated by org.testng.reporters.JUnitReportReporter -->
<testsuite hostname="DESKTOP-N2OGGF4" failures="0" tests="1" name="Demo.Webdriver_Methods" time="24.683" errors="0" timestamp="2023-08-14T20:31:19 IST" skipped="0">
  <testcase classname="Demo.Webdriver_Methods" name="Test_WebdriverMethod" time="24.683"/>
  <system-out/>
</testsuite> <!-- Demo.Webdriver_Methods -->
